<?xml version="1.0" encoding="UTF-8"?>
<!-- Generated by org.testng.reporters.JUnitReportReporter -->
<testsuite hostname="LAPTOP-3ECM99MI" failures="0" tests="1" name="com.qa.testScripts.LoginPageTestScript" time="15.017" errors="0" timestamp="2024-03-13T11:49:47 IST" skipped="0">
  <testcase classname="com.qa.testScripts.LoginPageTestScript" name="navbarmodules" time="15.017"/>
</testsuite> <!-- com.qa.testScripts.LoginPageTestScript -->
