<?xml version="1.0" encoding="UTF-8"?>
<!-- Generated by org.testng.reporters.JUnitReportReporter -->
<testsuite hostname="LAPTOP-3ECM99MI" failures="0" tests="3" name="com.qa.testScripts.HomePageTestScript" time="41.384" errors="0" timestamp="2024-03-09T11:52:41 IST" skipped="0">
  <testcase classname="com.qa.testScripts.HomePageTestScript" name="logoCaptured" time="14.384"/>
  <testcase classname="com.qa.testScripts.HomePageTestScript" name="logodisplayed" time="14.560"/>
  <testcase classname="com.qa.testScripts.HomePageTestScript" name="logoLocation" time="12.440"/>
</testsuite> <!-- com.qa.testScripts.HomePageTestScript -->
