<?xml version="1.0" encoding="UTF-8"?>
<!-- Generated by org.testng.reporters.JUnitReportReporter -->
<testsuite hostname="LAPTOP-3ECM99MI" failures="0" tests="1" name="com.qa.testScripts.HomePageTestScript" time="18.923" errors="0" timestamp="2024-02-25T22:08:37 IST" skipped="0">
  <testcase classname="com.qa.testScripts.HomePageTestScript" name="logodisplayed" time="18.923"/>
</testsuite> <!-- com.qa.testScripts.HomePageTestScript -->
