<?xml version="1.0" encoding="UTF-8"?>
<!-- Generated by org.testng.reporters.JUnitReportReporter -->
<testsuite hostname="LAPTOP-3ECM99MI" failures="0" tests="3" name="com.qa.testScripts.LoginPageTestScript" time="56.047" errors="0" timestamp="2024-03-09T12:27:40 IST" skipped="0">
  <testcase classname="com.qa.testScripts.LoginPageTestScript" name="logoLocation" time="14.690"/>
  <testcase classname="com.qa.testScripts.LoginPageTestScript" name="logodisplayed" time="19.782"/>
  <testcase classname="com.qa.testScripts.LoginPageTestScript" name="logoCaptured" time="21.575"/>
</testsuite> <!-- com.qa.testScripts.LoginPageTestScript -->
